[Message:   BepInEx] BepInEx 5.4.23.3 - valheim (2025/09/05 7:01:20)
[Message:   BepInEx] User is running BepInExPack Valheim version 5.4.2333 from Thunderstore
[Info   :   BepInEx] Running under Unity v6000.0.46.16487356
[Info   :   BepInEx] CLR runtime version: 4.0.30319.42000
[Info   :   BepInEx] Supports SRE: True
[Info   :   BepInEx] System platform: Bits64, Windows
[Message:   BepInEx] Preloader started
[Info   :   BepInEx] Loaded 1 patcher method from [BepInEx.Preloader 5.4.23.3]
[Info   :   BepInEx] 1 patcher plugin loaded
[Info   :   BepInEx] Patching [UnityEngine.CoreModule] with [BepInEx.Chainloader]
[Message:   BepInEx] Preloader finished
[Message:   BepInEx] Chainloader ready
[Message:   BepInEx] Chainloader started
[Info   :   BepInEx] 12 plugins to load
[Info   :   BepInEx] Loading [CartographySkill 3.1.1]
[Info   :   BepInEx] Loading [MagicPlugin 2.1.8]
[Info   : Unity Log] 10/21/2025 20:00:34: Loaded localization file #0 - 'localization' language: 'English'

[Info   : Unity Log] 10/21/2025 20:00:34: Loaded localization file #1 - 'localization_extra' language: 'English'

[Info   : Unity Log] 10/21/2025 20:00:34: Loaded localization file #2 - 'heightmap_message' language: 'English'

[Info   : Unity Log] 10/21/2025 20:00:34: Loaded localization file #3 - 'localization_witch' language: 'English'

[Info   : Unity Log] 10/21/2025 20:00:34: Loaded localization file #4 - 'localization_emotes' language: 'English'

[Info   : Unity Log] 10/21/2025 20:00:34: Loaded localization file #5 - 'localization_ashlands' language: 'English'

[Info   : Unity Log] 10/21/2025 20:00:34: Loaded localization file #6 - 'localization_captions' language: 'English'

[Info   : Unity Log] 10/21/2025 20:00:34: Loaded localization file #7 - 'localization_combatupdate' language: 'English'

[Info   : Unity Log] 10/21/2025 20:00:34: Loaded localization file #0 - 'localization' language: 'English'

[Info   : Unity Log] 10/21/2025 20:00:34: Loaded localization file #1 - 'localization_extra' language: 'English'

[Info   : Unity Log] 10/21/2025 20:00:34: Loaded localization file #2 - 'heightmap_message' language: 'English'

[Info   : Unity Log] 10/21/2025 20:00:34: Loaded localization file #3 - 'localization_witch' language: 'English'

[Info   : Unity Log] 10/21/2025 20:00:34: Loaded localization file #4 - 'localization_emotes' language: 'English'

[Info   : Unity Log] 10/21/2025 20:00:34: Loaded localization file #5 - 'localization_ashlands' language: 'English'

[Info   : Unity Log] 10/21/2025 20:00:34: Loaded localization file #6 - 'localization_captions' language: 'English'

[Info   : Unity Log] 10/21/2025 20:00:34: Loaded localization file #7 - 'localization_combatupdate' language: 'English'

[Info   : Unity Log] 10/21/2025 20:00:34: Loaded localization file #0 - 'localization' language: 'English'

[Info   : Unity Log] 10/21/2025 20:00:34: Loaded localization file #1 - 'localization_extra' language: 'English'

[Info   : Unity Log] 10/21/2025 20:00:34: Loaded localization file #2 - 'heightmap_message' language: 'English'

[Info   : Unity Log] 10/21/2025 20:00:34: Loaded localization file #3 - 'localization_witch' language: 'English'

[Info   : Unity Log] 10/21/2025 20:00:34: Loaded localization file #4 - 'localization_emotes' language: 'English'

[Info   : Unity Log] 10/21/2025 20:00:34: Loaded localization file #5 - 'localization_ashlands' language: 'English'

[Info   : Unity Log] 10/21/2025 20:00:34: Loaded localization file #6 - 'localization_captions' language: 'English'

[Info   : Unity Log] 10/21/2025 20:00:34: Loaded localization file #7 - 'localization_combatupdate' language: 'English'

[Info   : Unity Log] 10/21/2025 20:00:34: Loaded localization file #0 - 'localization' language: 'English'

[Info   : Unity Log] 10/21/2025 20:00:34: Loaded localization file #1 - 'localization_extra' language: 'English'

[Info   : Unity Log] 10/21/2025 20:00:34: Loaded localization file #2 - 'heightmap_message' language: 'English'

[Info   : Unity Log] 10/21/2025 20:00:34: Loaded localization file #3 - 'localization_witch' language: 'English'

[Info   : Unity Log] 10/21/2025 20:00:34: Loaded localization file #4 - 'localization_emotes' language: 'English'

[Info   : Unity Log] 10/21/2025 20:00:34: Loaded localization file #5 - 'localization_ashlands' language: 'English'

[Info   : Unity Log] 10/21/2025 20:00:34: Loaded localization file #6 - 'localization_captions' language: 'English'

[Info   : Unity Log] 10/21/2025 20:00:34: Loaded localization file #7 - 'localization_combatupdate' language: 'English'

[Info   : Unity Log] 10/21/2025 20:00:34: Loaded localization file #0 - 'localization' language: 'English'

[Info   : Unity Log] 10/21/2025 20:00:34: Loaded localization file #1 - 'localization_extra' language: 'English'

[Info   : Unity Log] 10/21/2025 20:00:34: Loaded localization file #2 - 'heightmap_message' language: 'English'

[Info   : Unity Log] 10/21/2025 20:00:34: Loaded localization file #3 - 'localization_witch' language: 'English'

[Info   : Unity Log] 10/21/2025 20:00:34: Loaded localization file #4 - 'localization_emotes' language: 'English'

[Info   : Unity Log] 10/21/2025 20:00:34: Loaded localization file #5 - 'localization_ashlands' language: 'English'

[Info   : Unity Log] 10/21/2025 20:00:34: Loaded localization file #6 - 'localization_captions' language: 'English'

[Info   : Unity Log] 10/21/2025 20:00:34: Loaded localization file #7 - 'localization_combatupdate' language: 'English'

[Info   :   BepInEx] Loading [CameraMod 0.0.95.0]
[Info   : Unity Log] 1ST FOV:85
[Info   : Unity Log] 3RD FOV:65
[Info   : Unity Log] bowzoomON:False
[Info   : Unity Log] bowzoomFOV:65
[Info   : Unity Log] bowzoomSpeed:2
[Info   : Unity Log] smoothCam: False
[Info   : Unity Log] FPVmouseSensitivityON: False
[Info   : Unity Log] FPVmouseSensitivity: 1
[Info   : Unity Log] LvlUpMove: False
[Info   : Unity Log] slightlyTaller: False
[Info   : Unity Log] DamageText_delay: 1
[Info   : Unity Log] DamageText_size: 28
[Info   : Unity Log] nearClipMin: 0.1
[Info   : Unity Log] shieldLook: True
[Info   : Unity Log] bowLook: True
[Info   :   BepInEx] Loading [Configuration Manager 18.4.3]
[Info   :   BepInEx] Loading [Jotunn 2.27.0]
[Info   :Jotunn.Main] Initializing ModCompatibility
[Info   :Jotunn.Main] Initializing SynchronizationManager
[Info   :Jotunn.Main] Initializing NetworkManager
[Info   :   BepInEx] Loading [Newtonsoft.Json Detector 1.0.0]
[Info   :Newtonsoft.Json Detector] Newtonsoft.Json 13.0.0.0 loaded from plugins\ValheimModding-JsonDotNET\Newtonsoft.Json.dll
[Info   :   BepInEx] Loading [YamlDotNet Detector 1.0.0]
[Info   :YamlDotNet Detector] YamlDotNet 16.0.0.0 loaded from plugins\ValheimModding-YamlDotNet\YamlDotNet.dll
[Info   :   BepInEx] Loading [Extra Attack System 0.9.3]
[Warning:Extra Attack System] [System] Original clip not found for Sword_secondary_Q: SwordAndShield_Paired_Attack_LungeForwardStabExternal
[Warning:Extra Attack System] [System] Original clip not found for Greatsword_secondary_Q: 0M_Big_Sword@Skill_J 1External
[Warning:Extra Attack System] [System] Original clip not found for Knife_secondary_Q: Dash_Attack_ver_AExternal
[Info   :Extra Attack System] [Extra Attack System v0.9.3] Load and startup completed successfully
[Info   :   BepInEx] Loading [Intro Skip 1.0.0]
[Info   :Intro Skip] Intro Skip MOD v1.0.0 (build 20251020, proto=1, cfg=1) - Starting patch process
[Info   :Intro Skip] Plugin GUID: Dyju420.IntroSkip
[Info   :Intro Skip] BepInEx Assembly Version: 5.4.23.3
[Info   :Intro Skip] Intro Skip MOD - All patches applied successfully
[Info   :   BepInEx] Loading [Server Devcommands 1.100]
[Info   :   BepInEx] Loading [My Little UI 1.2.3]
[Info   :   BepInEx] Loading [SkillLimitExtender 1.1.4]
[Info   :SkillLimitExtender] [SLE] v1.1.4 (build 20251001, proto=2, cfg=2)
[Info   :SkillLimitExtender] [SLE] Lightweight server config initialized (YAML-based)
[Info   :SkillLimitExtender] [SLE] SkillsDialog: Replaced 2 instances of 100f with global UI denominator
[Info   :SkillLimitExtender] [SLE] Skill.Raise: Replaced 100f with GetCap(GetSkillTypeFromInstance()) at position 5
[Info   :SkillLimitExtender] [SLE] Skill.Raise: Replaced 100f with GetCap(GetSkillTypeFromInstance()) at position 5
[Info   :SkillLimitExtender] [SLE] CartographySkill: Starting initialization...
[Info   :SkillLimitExtender] [SLE] CartographySkill: Starting initialization...
[Info   :SkillLimitExtender] [SLE] CartographySkill: Searching for CartographySkill assembly...
[Info   :SkillLimitExtender] [SLE] CartographySkill: Total assemblies loaded: 132
[Info   :SkillLimitExtender] [SLE] CartographySkill: Found potential assembly: Advize_CartographySkill
[Info   :SkillLimitExtender] [SLE] CartographySkill: Found assembly: Advize_CartographySkill
[Info   :SkillLimitExtender] [SLE] CartographySkill: Searching for Skills_Patch class in Advize_CartographySkill...
[Info   :SkillLimitExtender] [SLE] CartographySkill: Found type: Microsoft.CodeAnalysis.<2f5305e1-dcdc-4810-acd8-c540c4c7f460>EmbeddedAttribute
[Info   :SkillLimitExtender] [SLE] CartographySkill: Found type: System.Runtime.CompilerServices.<10dbb4fb-1da1-4e67-b03d-4c7c336cfe22>RefSafetyRulesAttribute
[Info   :SkillLimitExtender] [SLE] CartographySkill: Found type: Advize_CartographySkill.CartographySkill
[Info   :SkillLimitExtender] [SLE] CartographySkill: Found type: Advize_CartographySkill.CartographySkill+MinimapAwake
[Info   :SkillLimitExtender] [SLE] CartographySkill: Found type: Advize_CartographySkill.CartographySkill+MinimapExplore
[Info   :SkillLimitExtender] [SLE] CartographySkill: Found type: Advize_CartographySkill.CartographySkill+PlayerOnSkillLevelup
[Info   :SkillLimitExtender] [SLE] CartographySkill: Found type: Advize_CartographySkill.CartographySkill+ZNetScenePatches
[Info   :SkillLimitExtender] [SLE] CartographySkill: Found type: Advize_CartographySkill.CartographySkill+ZNetScenePatches+<>O
[Info   :SkillLimitExtender] [SLE] CartographySkill: Found type: Advize_CartographySkill.CartographySkill+SkillPatches
[Info   :SkillLimitExtender] [SLE] CartographySkill: Found type: Advize_CartographySkill.ModConfig
[Info   :SkillLimitExtender] [SLE] CartographySkill: Found type: Advize_CartographySkill.ModConfig+<>O
[Info   :SkillLimitExtender] [SLE] CartographySkill: Found type: Microsoft.CodeAnalysis.EmbeddedAttribute
[Info   :SkillLimitExtender] [SLE] CartographySkill: Found type: System.Runtime.CompilerServices.NullableAttribute
[Info   :SkillLimitExtender] [SLE] CartographySkill: Found type: System.Runtime.CompilerServices.NullableContextAttribute
[Info   :SkillLimitExtender] [SLE] CartographySkill: Found type: System.Runtime.CompilerServices.RefSafetyRulesAttribute
[Info   :SkillLimitExtender] [SLE] CartographySkill: Found type: ServerSync.OwnConfigEntryBase
[Info   :SkillLimitExtender] [SLE] CartographySkill: Found type: ServerSync.SyncedConfigEntry`1
[Info   :SkillLimitExtender] [SLE] CartographySkill: Found type: ServerSync.CustomSyncedValueBase
[Info   :SkillLimitExtender] [SLE] CartographySkill: Found type: ServerSync.CustomSyncedValue`1
[Info   :SkillLimitExtender] [SLE] CartographySkill: Found type: ServerSync.ConfigurationManagerAttributes
[Info   :SkillLimitExtender] [SLE] CartographySkill: Found type: ServerSync.ConfigSync
[Info   :SkillLimitExtender] [SLE] CartographySkill: Found type: ServerSync.ConfigSync+SnatchCurrentlyHandlingRPC
[Info   :SkillLimitExtender] [SLE] CartographySkill: Found type: ServerSync.ConfigSync+RegisterRPCPatch
[Info   :SkillLimitExtender] [SLE] CartographySkill: Found type: ServerSync.ConfigSync+RegisterRPCPatch+<<Postfix>g__WatchAdminListChanges|0_0>d
[Info   :SkillLimitExtender] [SLE] CartographySkill: Found type: ServerSync.ConfigSync+RegisterRPCPatch+<>c__DisplayClass0_0
[Info   :SkillLimitExtender] [SLE] CartographySkill: Found type: ServerSync.ConfigSync+RegisterClientRPCPatch
[Info   :SkillLimitExtender] [SLE] CartographySkill: Found type: ServerSync.ConfigSync+ParsedConfigs
[Info   :SkillLimitExtender] [SLE] CartographySkill: Found type: ServerSync.ConfigSync+ResetConfigsOnShutdown
[Info   :SkillLimitExtender] [SLE] CartographySkill: Found type: ServerSync.ConfigSync+SendConfigsAfterLogin
[Info   :SkillLimitExtender] [SLE] CartographySkill: Found type: ServerSync.ConfigSync+SendConfigsAfterLogin+BufferingSocket
[Info   :SkillLimitExtender] [SLE] CartographySkill: Found type: ServerSync.ConfigSync+SendConfigsAfterLogin+<>c
[Info   :SkillLimitExtender] [SLE] CartographySkill: Found type: ServerSync.ConfigSync+SendConfigsAfterLogin+<>c__DisplayClass2_0
[Info   :SkillLimitExtender] [SLE] CartographySkill: Found type: ServerSync.ConfigSync+SendConfigsAfterLogin+<>c__DisplayClass2_0+<<Postfix>g__sendAsync|1>d
[Info   :SkillLimitExtender] [SLE] CartographySkill: Found type: ServerSync.ConfigSync+PackageEntry
[Info   :SkillLimitExtender] [SLE] CartographySkill: Found type: ServerSync.ConfigSync+PreventSavingServerInfo
[Info   :SkillLimitExtender] [SLE] CartographySkill: Found type: ServerSync.ConfigSync+PreventConfigRereadChangingValues
[Info   :SkillLimitExtender] [SLE] CartographySkill: Found type: ServerSync.ConfigSync+InvalidDeserializationTypeException
[Info   :SkillLimitExtender] [SLE] CartographySkill: Found type: ServerSync.ConfigSync+<>c
[Info   :SkillLimitExtender] [SLE] CartographySkill: Found type: ServerSync.ConfigSync+<>c__DisplayClass34_0`1
[Info   :SkillLimitExtender] [SLE] CartographySkill: Found type: ServerSync.ConfigSync+<>c__DisplayClass36_0
[Info   :SkillLimitExtender] [SLE] CartographySkill: Found type: ServerSync.ConfigSync+<>c__DisplayClass51_0
[Info   :SkillLimitExtender] [SLE] CartographySkill: Found type: ServerSync.ConfigSync+<>c__DisplayClass55_0
[Info   :SkillLimitExtender] [SLE] CartographySkill: Found type: ServerSync.ConfigSync+<>c__DisplayClass55_0+<<distributeConfigToPeers>g__waitForQueue|0>d
[Info   :SkillLimitExtender] [SLE] CartographySkill: Found type: ServerSync.ConfigSync+<>c__DisplayClass56_0
[Info   :SkillLimitExtender] [SLE] CartographySkill: Found type: ServerSync.ConfigSync+<>c__DisplayClass57_0
[Info   :SkillLimitExtender] [SLE] CartographySkill: Found type: ServerSync.ConfigSync+<distributeConfigToPeers>d__55
[Info   :SkillLimitExtender] [SLE] CartographySkill: Found type: ServerSync.ConfigSync+<sendZPackage>d__57
[Info   :SkillLimitExtender] [SLE] CartographySkill: Found type: ServerSync.VersionCheck
[Info   :SkillLimitExtender] [SLE] CartographySkill: Found type: ServerSync.VersionCheck+<>O
[Info   :SkillLimitExtender] [SLE] CartographySkill: Found type: ServerSync.VersionCheck+<>c
[Info   :SkillLimitExtender] [SLE] CartographySkill: Found type: ServerSync.VersionCheck+<>c__DisplayClass30_0
[Info   :SkillLimitExtender] [SLE] CartographySkill: Found type: ServerSync.VersionCheck+<>c__DisplayClass36_0
[Warning:SkillLimitExtender] [SLE] CartographySkill Skills_Patch class not found
[Info   :SkillLimitExtender] [SLE] Available types in CartographySkill assembly:
[Info   :SkillLimitExtender] [SLE]   - Microsoft.CodeAnalysis.<2f5305e1-dcdc-4810-acd8-c540c4c7f460>EmbeddedAttribute
[Info   :SkillLimitExtender] [SLE]   - System.Runtime.CompilerServices.<10dbb4fb-1da1-4e67-b03d-4c7c336cfe22>RefSafetyRulesAttribute
[Info   :SkillLimitExtender] [SLE]   - Advize_CartographySkill.CartographySkill
[Info   :SkillLimitExtender] [SLE]   - Advize_CartographySkill.CartographySkill+MinimapAwake
[Info   :SkillLimitExtender] [SLE]   - Advize_CartographySkill.CartographySkill+MinimapExplore
[Info   :SkillLimitExtender] [SLE]   - Advize_CartographySkill.CartographySkill+PlayerOnSkillLevelup
[Info   :SkillLimitExtender] [SLE]   - Advize_CartographySkill.CartographySkill+ZNetScenePatches
[Info   :SkillLimitExtender] [SLE]   - Advize_CartographySkill.CartographySkill+ZNetScenePatches+<>O
[Info   :SkillLimitExtender] [SLE]   - Advize_CartographySkill.CartographySkill+SkillPatches
[Info   :SkillLimitExtender] [SLE]   - Advize_CartographySkill.ModConfig
[Warning:SkillLimitExtender] [SLE] CartographySkill: Target method not found, skipping patch
[Info   :SkillLimitExtender] [SLE] Plugin loaded successfully (v1.1.4)
[Message:   BepInEx] Chainloader startup complete
[Info   : Unity Log] 10/21/2025 20:00:43: Using environment steamid 892970

[Info   : Unity Log] 10/21/2025 20:00:43: Using steam APPID:892970

[Info   : Unity Log] 10/21/2025 20:00:43: Authentication:k_ESteamNetworkingAvailability_Attempting

[Info   : Unity Log] 10/21/2025 20:00:43: Platform doesn't implement Process Lifetime Management! Don't initialize suspend manager.

[Info   : Unity Log] 10/21/2025 20:00:43: Initialized platform!

[Info   : Unity Log] 10/21/2025 20:00:43: Platform doesn't implement matchmaking! Don't initialize matchmaking manager.

[Info   : Unity Log] 10/21/2025 20:00:43: All files in local storage save data:
C:/Users/dyju2/AppData/LocalLow/IronGate/Valheim\adminlist.txt (40)
C:/Users/dyju2/AppData/LocalLow/IronGate/Valheim\bannedlist.txt (41)
C:/Users/dyju2/AppData/LocalLow/IronGate/Valheim\permittedlist.txt (43)
C:/Users/dyju2/AppData/LocalLow/IronGate/Valheim\Player-prev.log (36136)
C:/Users/dyju2/AppData/LocalLow/IronGate/Valheim\Player.log (17177)

[Info   : Unity Log] 10/21/2025 20:00:43: Cloud storage is not supported or enabled

[Info   : Unity Log] 10/21/2025 20:00:44: Set background loading budget to Low

[Info   : Unity Log] 10/21/2025 20:00:44: Loading first scene

[Warning: Unity Log] 10/21/2025 20:00:44: Fetching PlatformPrefs 'GuiScale' before loading defaults

[Warning: Unity Log] 10/21/2025 20:00:44: Fetching PlatformPrefs 'GuiScale' before loading defaults

[Warning: Unity Log] 10/21/2025 20:00:44: Fetching PlatformPrefs 'ControllerLayout' before loading defaults

[Warning: Unity Log] 10/21/2025 20:00:44: Fetching PlatformPrefs 'ControllerLayout' before loading defaults

[Info   : Unity Log] 10/21/2025 20:00:44: Initializing loading indicator instance

[Warning: Unity Log] 10/21/2025 20:00:44: Fetching PlatformPrefs 'GuiScale' before loading defaults

[Info   : Unity Log] 10/21/2025 20:00:45: Starting to load scene:start.unity (169d7618616154c03be07e9ad3af5893)

[Info   : Unity Log] 10/21/2025 20:00:45: Set background loading budget to Normal

[Info   : Unity Log] 10/21/2025 20:00:45: Set background loading budget to High

[Info   : Unity Log] 10/21/2025 20:00:45: GPU Device: 1002:731F (AMD)

[Info   : Unity Log] 10/21/2025 20:00:51: Set background loading budget to Low

[Info   : Unity Log] 10/21/2025 20:00:51: Destroying loading indicator instance

[Warning: Unity Log] Only custom filters can be played. Please add a custom filter or an audioclip to the audiosource (Amb_MainMenu).
[Warning: Unity Log] 10/21/2025 20:00:51: Missing audio clip in music respawn

[Info   : Unity Log] 10/21/2025 20:00:51: Loaded localization file #0 - 'localization' language: 'English'

[Info   : Unity Log] 10/21/2025 20:00:51: Loaded localization file #1 - 'localization_extra' language: 'English'

[Info   : Unity Log] 10/21/2025 20:00:51: Loaded localization file #2 - 'heightmap_message' language: 'English'

[Info   : Unity Log] 10/21/2025 20:00:51: Loaded localization file #3 - 'localization_witch' language: 'English'

[Info   : Unity Log] 10/21/2025 20:00:51: Loaded localization file #4 - 'localization_emotes' language: 'English'

[Info   : Unity Log] 10/21/2025 20:00:51: Loaded localization file #5 - 'localization_ashlands' language: 'English'

[Info   : Unity Log] 10/21/2025 20:00:51: Loaded localization file #6 - 'localization_captions' language: 'English'

[Info   : Unity Log] 10/21/2025 20:00:51: Loaded localization file #7 - 'localization_combatupdate' language: 'English'

[Info   : Unity Log] 10/21/2025 20:00:51: Loaded localization file #0 - 'localization' language: 'English'

[Info   : Unity Log] 10/21/2025 20:00:51: Loaded localization file #1 - 'localization_extra' language: 'English'

[Info   : Unity Log] 10/21/2025 20:00:51: Loaded localization file #2 - 'heightmap_message' language: 'English'

[Info   : Unity Log] 10/21/2025 20:00:51: Loaded localization file #3 - 'localization_witch' language: 'English'

[Info   : Unity Log] 10/21/2025 20:00:51: Loaded localization file #4 - 'localization_emotes' language: 'English'

[Info   : Unity Log] 10/21/2025 20:00:51: Loaded localization file #5 - 'localization_ashlands' language: 'English'

[Info   : Unity Log] 10/21/2025 20:00:51: Loaded localization file #6 - 'localization_captions' language: 'English'

[Info   : Unity Log] 10/21/2025 20:00:51: Loaded localization file #7 - 'localization_combatupdate' language: 'English'

[Info   : Unity Log] 10/21/2025 20:00:51: Loaded localization file #0 - 'localization' language: 'English'

[Info   : Unity Log] 10/21/2025 20:00:51: Loaded localization file #1 - 'localization_extra' language: 'English'

[Info   : Unity Log] 10/21/2025 20:00:51: Loaded localization file #2 - 'heightmap_message' language: 'English'

[Info   : Unity Log] 10/21/2025 20:00:51: Loaded localization file #3 - 'localization_witch' language: 'English'

[Info   : Unity Log] 10/21/2025 20:00:51: Loaded localization file #4 - 'localization_emotes' language: 'English'

[Info   : Unity Log] 10/21/2025 20:00:51: Loaded localization file #5 - 'localization_ashlands' language: 'English'

[Info   : Unity Log] 10/21/2025 20:00:51: Loaded localization file #6 - 'localization_captions' language: 'English'

[Info   : Unity Log] 10/21/2025 20:00:51: Loaded localization file #7 - 'localization_combatupdate' language: 'English'

[Info   : Unity Log] 10/21/2025 20:00:52: Steam initialized, persona:Dyju420

[Info   : Unity Log] 10/21/2025 20:00:52: Using default prefs

[Info   : Unity Log] 10/21/2025 20:00:52: Valheim version: 0.221.4 (network version 35)

[Info   : Unity Log] Trying to set graphic mode to 'Custom'
[Info   : Unity Log] Graphic mode 'Custom' is not or no longer supported. Fallback to default mode for platform...
[Info   : Unity Log] Graphic mode 'Custom' applied!
[Info   : Unity Log] 10/21/2025 20:00:52: Worldgenerator version setup:2

[Info   : Unity Log] 10/21/2025 20:00:52: Render threading mode:LegacyJobified

[Info   : Unity Log] 10/21/2025 20:00:52: Checking for installed DLCs

[Info   : Unity Log] 10/21/2025 20:00:52: DLC:beta installed:True

[Info   : Unity Log] 10/21/2025 20:00:52: Sending PlayFab login request (attempt 1)

[Info   : Unity Log] 10/21/2025 20:00:52: Starting music menu

[Info   : Unity Log] 10/21/2025 20:00:53: Session auth respons callback

[Info   : Unity Log] 10/21/2025 20:00:54: Logged in PlayFab user via Steam auth session ticket

[Info   : Unity Log] 10/21/2025 20:00:54: PlayFab local entity ID is A8AE0F74EFB36984

[Info   : Unity Log] 10/21/2025 20:00:54: Released session ticket

